<?xml version="1.0" encoding="UTF-8"?>
<!-- Generated by org.testng.reporters.JUnitReportReporter -->
<testsuite hostname="DESKTOP-0Q2F0AL" failures="0" tests="73" name="Test_Package.Test_case_BrokenLinks" time="108.177" errors="2" timestamp="2023-04-24T10:18:03 IST" skipped="59">
  <testcase classname="Test_Package.Test_case_BrokenLinks" name="teardown" time="0.226">
    <error message="invalid session id
Build info: version: &#039;4.8.3&#039;, revision: &#039;e5e76298c3&#039;
System info: os.name: &#039;Windows 11&#039;, os.arch: &#039;amd64&#039;, os.version: &#039;10.0&#039;, java.version: &#039;17.0.6&#039;
Driver info: org.openqa.selenium.edge.EdgeDriver
Command: [2a80e213555df6c5a07947cb3112e693, close {}]
Capabilities {acceptInsecureCerts: false, browserName: msedge, browserVersion: 112.0.1722.58, ms:edgeOptions: {debuggerAddress: localhost:62487}, msedge: {msedgedriverVersion: 112.0.1722.58 (4dc3f55bfaec..., userDataDir: C:\Users\Sakas\AppData\Loca...}, networkConnectionEnabled: false, pageLoadStrategy: normal, platformName: WINDOWS, proxy: Proxy(), se:cdp: ws://localhost:62487/devtoo..., se:cdpVersion: 112.0.1722.58, setWindowRect: true, strictFileInteractability: false, timeouts: {implicit: 0, pageLoad: 300000, script: 30000}, unhandledPromptBehavior: dismiss and notify, webauthn:extension:credBlob: true, webauthn:extension:largeBlob: true, webauthn:extension:minPinLength: true, webauthn:extension:prf: true, webauthn:virtualAuthenticators: true}
Session ID: 2a80e213555df6c5a07947cb3112e693" type="org.openqa.selenium.NoSuchSessionException">
      <![CDATA[org.openqa.selenium.NoSuchSessionException: invalid session id
Build info: version: '4.8.3', revision: 'e5e76298c3'
System info: os.name: 'Windows 11', os.arch: 'amd64', os.version: '10.0', java.version: '17.0.6'
Driver info: org.openqa.selenium.edge.EdgeDriver
Command: [2a80e213555df6c5a07947cb3112e693, close {}]
Capabilities {acceptInsecureCerts: false, browserName: msedge, browserVersion: 112.0.1722.58, ms:edgeOptions: {debuggerAddress: localhost:62487}, msedge: {msedgedriverVersion: 112.0.1722.58 (4dc3f55bfaec..., userDataDir: C:\Users\Sakas\AppData\Loca...}, networkConnectionEnabled: false, pageLoadStrategy: normal, platformName: WINDOWS, proxy: Proxy(), se:cdp: ws://localhost:62487/devtoo..., se:cdpVersion: 112.0.1722.58, setWindowRect: true, strictFileInteractability: false, timeouts: {implicit: 0, pageLoad: 300000, script: 30000}, unhandledPromptBehavior: dismiss and notify, webauthn:extension:credBlob: true, webauthn:extension:largeBlob: true, webauthn:extension:minPinLength: true, webauthn:extension:prf: true, webauthn:virtualAuthenticators: true}
Session ID: 2a80e213555df6c5a07947cb3112e693
at java.base/jdk.internal.reflect.NativeConstructorAccessorImpl.newInstance0(Native Method)
at java.base/jdk.internal.reflect.NativeConstructorAccessorImpl.newInstance(NativeConstructorAccessorImpl.java:77)
at java.base/jdk.internal.reflect.DelegatingConstructorAccessorImpl.newInstance(DelegatingConstructorAccessorImpl.java:45)
at java.base/java.lang.reflect.Constructor.newInstanceWithCaller(Constructor.java:499)
at java.base/java.lang.reflect.Constructor.newInstance(Constructor.java:480)
at org.openqa.selenium.remote.codec.w3c.W3CHttpResponseCodec.createException(W3CHttpResponseCodec.java:200)
at org.openqa.selenium.remote.codec.w3c.W3CHttpResponseCodec.decode(W3CHttpResponseCodec.java:133)
at org.openqa.selenium.remote.codec.w3c.W3CHttpResponseCodec.decode(W3CHttpResponseCodec.java:53)
at org.openqa.selenium.remote.HttpCommandExecutor.execute(HttpCommandExecutor.java:193)
at org.openqa.selenium.remote.service.DriverCommandExecutor.invokeExecute(DriverCommandExecutor.java:183)
at org.openqa.selenium.remote.service.DriverCommandExecutor.execute(DriverCommandExecutor.java:158)
at org.openqa.selenium.remote.RemoteWebDriver.execute(RemoteWebDriver.java:543)
at org.openqa.selenium.remote.RemoteWebDriver.execute(RemoteWebDriver.java:598)
at org.openqa.selenium.remote.RemoteWebDriver.execute(RemoteWebDriver.java:602)
at org.openqa.selenium.remote.RemoteWebDriver.close(RemoteWebDriver.java:419)
at Test_Package.Test_case_BrokenLinks.teardown(Test_case_BrokenLinks.java:145)
at java.base/jdk.internal.reflect.NativeMethodAccessorImpl.invoke0(Native Method)
at java.base/jdk.internal.reflect.NativeMethodAccessorImpl.invoke(NativeMethodAccessorImpl.java:77)
at java.base/jdk.internal.reflect.DelegatingMethodAccessorImpl.invoke(DelegatingMethodAccessorImpl.java:43)
at java.base/java.lang.reflect.Method.invoke(Method.java:568)
at org.testng.internal.invokers.MethodInvocationHelper.invokeMethod(MethodInvocationHelper.java:139)
at org.testng.internal.invokers.MethodInvocationHelper.invokeMethodConsideringTimeout(MethodInvocationHelper.java:69)
at org.testng.internal.invokers.ConfigInvoker.invokeConfigurationMethod(ConfigInvoker.java:361)
at org.testng.internal.invokers.ConfigInvoker.invokeConfigurations(ConfigInvoker.java:296)
at org.testng.internal.invokers.TestInvoker.runConfigMethods(TestInvoker.java:823)
at org.testng.internal.invokers.TestInvoker.runAfterConfigurations(TestInvoker.java:792)
at org.testng.internal.invokers.TestInvoker.invokeMethod(TestInvoker.java:768)
at org.testng.internal.invokers.TestInvoker.invokeTestMethod(TestInvoker.java:221)
at org.testng.internal.invokers.MethodRunner.runInSequence(MethodRunner.java:50)
at org.testng.internal.invokers.TestInvoker$MethodInvocationAgent.invoke(TestInvoker.java:969)
at org.testng.internal.invokers.TestInvoker.invokeTestMethods(TestInvoker.java:194)
at org.testng.internal.invokers.TestMethodWorker.invokeTestMethods(TestMethodWorker.java:148)
at org.testng.internal.invokers.TestMethodWorker.run(TestMethodWorker.java:128)
at java.base/java.util.ArrayList.forEach(ArrayList.java:1511)
at org.testng.TestRunner.privateRun(TestRunner.java:829)
at org.testng.TestRunner.run(TestRunner.java:602)
at org.testng.SuiteRunner.runTest(SuiteRunner.java:437)
at org.testng.SuiteRunner.runSequentially(SuiteRunner.java:431)
at org.testng.SuiteRunner.privateRun(SuiteRunner.java:391)
at org.testng.SuiteRunner.run(SuiteRunner.java:330)
at org.testng.SuiteRunnerWorker.runSuite(SuiteRunnerWorker.java:52)
at org.testng.SuiteRunnerWorker.run(SuiteRunnerWorker.java:95)
at org.testng.TestNG.runSuitesSequentially(TestNG.java:1256)
at org.testng.TestNG.runSuitesLocally(TestNG.java:1176)
at org.testng.TestNG.runSuites(TestNG.java:1099)
at org.testng.TestNG.run(TestNG.java:1067)
at org.testng.remote.AbstractRemoteTestNG.run(AbstractRemoteTestNG.java:115)
at org.testng.remote.RemoteTestNG.initAndRun(RemoteTestNG.java:251)
at org.testng.remote.RemoteTestNG.main(RemoteTestNG.java:77)
]]>
    </error>
  </testcase> <!-- teardown -->
  <system-out/>
  <testcase classname="Test_Package.Test_case_BrokenLinks" name="Test_link_Number_check" time="6.831"/>
  <system-out/>
  <testcase classname="Test_Package.Test_case_BrokenLinks" name="Test_link_Number_check" time="8.631"/>
  <system-out/>
  <testcase classname="Test_Package.Test_case_BrokenLinks" name="Test_link_Number_check" time="0.103">
    <skipped/>
  </testcase> <!-- Test_link_Number_check -->
  <system-out/>
  <testcase classname="Test_Package.Test_case_BrokenLinks" name="Test_link_Number_check" time="0.176">
    <skipped/>
  </testcase> <!-- Test_link_Number_check -->
  <system-out/>
  <testcase classname="Test_Package.Test_case_BrokenLinks" name="Test_link_Number_check" time="8.427"/>
  <system-out/>
  <testcase classname="Test_Package.Test_case_BrokenLinks" name="Test_link_Number_check" time="6.598"/>
  <system-out/>
  <testcase classname="Test_Package.Test_case_BrokenLinks" name="Test_link_Number_check" time="7.480"/>
  <system-out/>
  <testcase classname="Test_Package.Test_case_BrokenLinks" name="Test_link_Number_check" time="10.789"/>
  <system-out/>
  <testcase classname="Test_Package.Test_case_BrokenLinks" name="Test_link_Number_check" time="8.532"/>
  <system-out/>
  <testcase classname="Test_Package.Test_case_BrokenLinks" name="Test_link_Number_check" time="3.312">
    <error message="Could not start a new session. Response code 500. Message: Expected browser binary location, but unable to find binary in default location, no &#039;moz:firefoxOptions.binary&#039; capability provided, and no binary flag set on the command line 
Host info: host: &#039;DESKTOP-0Q2F0AL&#039;, ip: &#039;192.168.56.1&#039;
Build info: version: &#039;4.8.3&#039;, revision: &#039;e5e76298c3&#039;
System info: os.name: &#039;Windows 11&#039;, os.arch: &#039;amd64&#039;, os.version: &#039;10.0&#039;, java.version: &#039;17.0.6&#039;
Driver info: org.openqa.selenium.firefox.FirefoxDriver
Command: [null, newSession {capabilities=[Capabilities {acceptInsecureCerts: true, browserName: firefox, moz:debuggerAddress: true, moz:firefoxOptions: {}}], desiredCapabilities=Capabilities {acceptInsecureCerts: true, browserName: firefox, moz:debuggerAddress: true, moz:firefoxOptions: {}}}]" type="org.openqa.selenium.SessionNotCreatedException">
      <![CDATA[org.openqa.selenium.SessionNotCreatedException: Could not start a new session. Response code 500. Message: Expected browser binary location, but unable to find binary in default location, no 'moz:firefoxOptions.binary' capability provided, and no binary flag set on the command line 
Host info: host: 'DESKTOP-0Q2F0AL', ip: '192.168.56.1'
Build info: version: '4.8.3', revision: 'e5e76298c3'
System info: os.name: 'Windows 11', os.arch: 'amd64', os.version: '10.0', java.version: '17.0.6'
Driver info: org.openqa.selenium.firefox.FirefoxDriver
Command: [null, newSession {capabilities=[Capabilities {acceptInsecureCerts: true, browserName: firefox, moz:debuggerAddress: true, moz:firefoxOptions: {}}], desiredCapabilities=Capabilities {acceptInsecureCerts: true, browserName: firefox, moz:debuggerAddress: true, moz:firefoxOptions: {}}}]
at org.openqa.selenium.remote.ProtocolHandshake.createSession(ProtocolHandshake.java:148)
at org.openqa.selenium.remote.ProtocolHandshake.createSession(ProtocolHandshake.java:106)
at org.openqa.selenium.remote.ProtocolHandshake.createSession(ProtocolHandshake.java:67)
at org.openqa.selenium.remote.HttpCommandExecutor.execute(HttpCommandExecutor.java:165)
at org.openqa.selenium.remote.service.DriverCommandExecutor.invokeExecute(DriverCommandExecutor.java:183)
at org.openqa.selenium.remote.service.DriverCommandExecutor.execute(DriverCommandExecutor.java:158)
at org.openqa.selenium.remote.RemoteWebDriver.execute(RemoteWebDriver.java:543)
at org.openqa.selenium.remote.RemoteWebDriver.startSession(RemoteWebDriver.java:229)
at org.openqa.selenium.remote.RemoteWebDriver.<init>(RemoteWebDriver.java:157)
at org.openqa.selenium.firefox.FirefoxDriver.<init>(FirefoxDriver.java:150)
at org.openqa.selenium.firefox.FirefoxDriver.<init>(FirefoxDriver.java:146)
at org.openqa.selenium.firefox.FirefoxDriver.<init>(FirefoxDriver.java:131)
at org.openqa.selenium.firefox.FirefoxDriver.<init>(FirefoxDriver.java:127)
at org.openqa.selenium.firefox.FirefoxDriver.<init>(FirefoxDriver.java:112)
at org.openqa.selenium.firefox.FirefoxDriver.<init>(FirefoxDriver.java:102)
at Base_Package.Base_Class.Intialization(Base_Class.java:41)
at Test_Package.Test_case_BrokenLinks.Test_link_Number_check(Test_case_BrokenLinks.java:39)
at java.base/jdk.internal.reflect.NativeMethodAccessorImpl.invoke0(Native Method)
at java.base/jdk.internal.reflect.NativeMethodAccessorImpl.invoke(NativeMethodAccessorImpl.java:77)
at java.base/jdk.internal.reflect.DelegatingMethodAccessorImpl.invoke(DelegatingMethodAccessorImpl.java:43)
at java.base/java.lang.reflect.Method.invoke(Method.java:568)
at org.testng.internal.invokers.MethodInvocationHelper.invokeMethod(MethodInvocationHelper.java:139)
at org.testng.internal.invokers.TestInvoker.invokeMethod(TestInvoker.java:677)
at org.testng.internal.invokers.TestInvoker.invokeTestMethod(TestInvoker.java:221)
at org.testng.internal.invokers.MethodRunner.runInSequence(MethodRunner.java:50)
at org.testng.internal.invokers.TestInvoker$MethodInvocationAgent.invoke(TestInvoker.java:969)
at org.testng.internal.invokers.TestInvoker.invokeTestMethods(TestInvoker.java:194)
at org.testng.internal.invokers.TestMethodWorker.invokeTestMethods(TestMethodWorker.java:148)
at org.testng.internal.invokers.TestMethodWorker.run(TestMethodWorker.java:128)
at java.base/java.util.ArrayList.forEach(ArrayList.java:1511)
at org.testng.TestRunner.privateRun(TestRunner.java:829)
at org.testng.TestRunner.run(TestRunner.java:602)
at org.testng.SuiteRunner.runTest(SuiteRunner.java:437)
at org.testng.SuiteRunner.runSequentially(SuiteRunner.java:431)
at org.testng.SuiteRunner.privateRun(SuiteRunner.java:391)
at org.testng.SuiteRunner.run(SuiteRunner.java:330)
at org.testng.SuiteRunnerWorker.runSuite(SuiteRunnerWorker.java:52)
at org.testng.SuiteRunnerWorker.run(SuiteRunnerWorker.java:95)
at org.testng.TestNG.runSuitesSequentially(TestNG.java:1256)
at org.testng.TestNG.runSuitesLocally(TestNG.java:1176)
at org.testng.TestNG.runSuites(TestNG.java:1099)
at org.testng.TestNG.run(TestNG.java:1067)
at org.testng.remote.AbstractRemoteTestNG.run(AbstractRemoteTestNG.java:115)
at org.testng.remote.RemoteTestNG.initAndRun(RemoteTestNG.java:251)
at org.testng.remote.RemoteTestNG.main(RemoteTestNG.java:77)
]]>
    </error>
  </testcase> <!-- Test_link_Number_check -->
  <system-out/>
  <testcase classname="Test_Package.Test_case_BrokenLinks" name="Test_link_Number_check" time="7.268"/>
  <system-out/>
  <testcase classname="Test_Package.Test_case_BrokenLinks" name="Test_link_Number_check" time="12.879"/>
  <system-out/>
  <testcase classname="Test_Package.Test_case_BrokenLinks" name="Test_link_Number_check" time="9.296"/>
  <system-out/>
  <testcase classname="Test_Package.Test_case_BrokenLinks" name="Test_link_Number_check" time="9.236"/>
  <system-out/>
  <testcase classname="Test_Package.Test_case_BrokenLinks" name="Test_link_Number_check" time="8.393"/>
  <system-out/>
  <testcase classname="Test_Package.Test_case_BrokenLinks" name="Test_link_Number_check" time="0.000">
    <skipped/>
  </testcase> <!-- Test_link_Number_check -->
  <system-out/>
  <testcase classname="Test_Package.Test_case_BrokenLinks" name="Test_link_Number_check" time="0.000">
    <skipped/>
  </testcase> <!-- Test_link_Number_check -->
  <system-out/>
  <testcase classname="Test_Package.Test_case_BrokenLinks" name="Test_link_Number_check" time="0.000">
    <skipped/>
  </testcase> <!-- Test_link_Number_check -->
  <system-out/>
  <testcase classname="Test_Package.Test_case_BrokenLinks" name="Test_Image_Number_check" time="0.000">
    <skipped/>
  </testcase> <!-- Test_Image_Number_check -->
  <system-out/>
  <testcase classname="Test_Package.Test_case_BrokenLinks" name="Test_Image_Number_check" time="0.000">
    <skipped/>
  </testcase> <!-- Test_Image_Number_check -->
  <system-out/>
  <testcase classname="Test_Package.Test_case_BrokenLinks" name="Test_Image_Number_check" time="0.000">
    <skipped/>
  </testcase> <!-- Test_Image_Number_check -->
  <system-out/>
  <testcase classname="Test_Package.Test_case_BrokenLinks" name="Test_Image_Number_check" time="0.000">
    <skipped/>
  </testcase> <!-- Test_Image_Number_check -->
  <system-out/>
  <testcase classname="Test_Package.Test_case_BrokenLinks" name="Test_Image_Number_check" time="0.000">
    <skipped/>
  </testcase> <!-- Test_Image_Number_check -->
  <system-out/>
  <testcase classname="Test_Package.Test_case_BrokenLinks" name="Test_Image_Number_check" time="0.000">
    <skipped/>
  </testcase> <!-- Test_Image_Number_check -->
  <system-out/>
  <testcase classname="Test_Package.Test_case_BrokenLinks" name="Test_Image_Number_check" time="0.000">
    <skipped/>
  </testcase> <!-- Test_Image_Number_check -->
  <system-out/>
  <testcase classname="Test_Package.Test_case_BrokenLinks" name="Test_Image_Number_check" time="0.000">
    <skipped/>
  </testcase> <!-- Test_Image_Number_check -->
  <system-out/>
  <testcase classname="Test_Package.Test_case_BrokenLinks" name="Test_Image_Number_check" time="0.000">
    <skipped/>
  </testcase> <!-- Test_Image_Number_check -->
  <system-out/>
  <testcase classname="Test_Package.Test_case_BrokenLinks" name="Test_Image_Number_check" time="0.000">
    <skipped/>
  </testcase> <!-- Test_Image_Number_check -->
  <system-out/>
  <testcase classname="Test_Package.Test_case_BrokenLinks" name="Test_Image_Number_check" time="0.000">
    <skipped/>
  </testcase> <!-- Test_Image_Number_check -->
  <system-out/>
  <testcase classname="Test_Package.Test_case_BrokenLinks" name="Test_Image_Number_check" time="0.000">
    <skipped/>
  </testcase> <!-- Test_Image_Number_check -->
  <system-out/>
  <testcase classname="Test_Package.Test_case_BrokenLinks" name="Test_Image_Number_check" time="0.000">
    <skipped/>
  </testcase> <!-- Test_Image_Number_check -->
  <system-out/>
  <testcase classname="Test_Package.Test_case_BrokenLinks" name="Test_Image_Number_check" time="0.000">
    <skipped/>
  </testcase> <!-- Test_Image_Number_check -->
  <system-out/>
  <testcase classname="Test_Package.Test_case_BrokenLinks" name="Test_Image_Number_check" time="0.000">
    <skipped/>
  </testcase> <!-- Test_Image_Number_check -->
  <system-out/>
  <testcase classname="Test_Package.Test_case_BrokenLinks" name="Test_Image_Number_check" time="0.000">
    <skipped/>
  </testcase> <!-- Test_Image_Number_check -->
  <system-out/>
  <testcase classname="Test_Package.Test_case_BrokenLinks" name="Test_Image_Number_check" time="0.000">
    <skipped/>
  </testcase> <!-- Test_Image_Number_check -->
  <system-out/>
  <testcase classname="Test_Package.Test_case_BrokenLinks" name="Test_Image_Number_check" time="0.000">
    <skipped/>
  </testcase> <!-- Test_Image_Number_check -->
  <system-out/>
  <testcase classname="Test_Package.Test_case_BrokenLinks" name="Test_href_Number_check" time="0.000">
    <skipped/>
  </testcase> <!-- Test_href_Number_check -->
  <system-out/>
  <testcase classname="Test_Package.Test_case_BrokenLinks" name="Test_href_Number_check" time="0.000">
    <skipped/>
  </testcase> <!-- Test_href_Number_check -->
  <system-out/>
  <testcase classname="Test_Package.Test_case_BrokenLinks" name="Test_href_Number_check" time="0.000">
    <skipped/>
  </testcase> <!-- Test_href_Number_check -->
  <system-out/>
  <testcase classname="Test_Package.Test_case_BrokenLinks" name="Test_href_Number_check" time="0.000">
    <skipped/>
  </testcase> <!-- Test_href_Number_check -->
  <system-out/>
  <testcase classname="Test_Package.Test_case_BrokenLinks" name="Test_href_Number_check" time="0.000">
    <skipped/>
  </testcase> <!-- Test_href_Number_check -->
  <system-out/>
  <testcase classname="Test_Package.Test_case_BrokenLinks" name="Test_href_Number_check" time="0.000">
    <skipped/>
  </testcase> <!-- Test_href_Number_check -->
  <system-out/>
  <testcase classname="Test_Package.Test_case_BrokenLinks" name="Test_href_Number_check" time="0.000">
    <skipped/>
  </testcase> <!-- Test_href_Number_check -->
  <system-out/>
  <testcase classname="Test_Package.Test_case_BrokenLinks" name="Test_href_Number_check" time="0.000">
    <skipped/>
  </testcase> <!-- Test_href_Number_check -->
  <system-out/>
  <testcase classname="Test_Package.Test_case_BrokenLinks" name="Test_href_Number_check" time="0.000">
    <skipped/>
  </testcase> <!-- Test_href_Number_check -->
  <system-out/>
  <testcase classname="Test_Package.Test_case_BrokenLinks" name="Test_href_Number_check" time="0.000">
    <skipped/>
  </testcase> <!-- Test_href_Number_check -->
  <system-out/>
  <testcase classname="Test_Package.Test_case_BrokenLinks" name="Test_href_Number_check" time="0.000">
    <skipped/>
  </testcase> <!-- Test_href_Number_check -->
  <system-out/>
  <testcase classname="Test_Package.Test_case_BrokenLinks" name="Test_href_Number_check" time="0.000">
    <skipped/>
  </testcase> <!-- Test_href_Number_check -->
  <system-out/>
  <testcase classname="Test_Package.Test_case_BrokenLinks" name="Test_href_Number_check" time="0.000">
    <skipped/>
  </testcase> <!-- Test_href_Number_check -->
  <system-out/>
  <testcase classname="Test_Package.Test_case_BrokenLinks" name="Test_href_Number_check" time="0.000">
    <skipped/>
  </testcase> <!-- Test_href_Number_check -->
  <system-out/>
  <testcase classname="Test_Package.Test_case_BrokenLinks" name="Test_href_Number_check" time="0.000">
    <skipped/>
  </testcase> <!-- Test_href_Number_check -->
  <system-out/>
  <testcase classname="Test_Package.Test_case_BrokenLinks" name="Test_href_Number_check" time="0.000">
    <skipped/>
  </testcase> <!-- Test_href_Number_check -->
  <system-out/>
  <testcase classname="Test_Package.Test_case_BrokenLinks" name="Test_href_Number_check" time="0.000">
    <skipped/>
  </testcase> <!-- Test_href_Number_check -->
  <system-out/>
  <testcase classname="Test_Package.Test_case_BrokenLinks" name="Test_href_Number_check" time="0.000">
    <skipped/>
  </testcase> <!-- Test_href_Number_check -->
  <system-out/>
  <testcase classname="Test_Package.Test_case_BrokenLinks" name="Test_link_Responce_check" time="0.000">
    <skipped/>
  </testcase> <!-- Test_link_Responce_check -->
  <system-out/>
  <testcase classname="Test_Package.Test_case_BrokenLinks" name="Test_link_Responce_check" time="0.000">
    <skipped/>
  </testcase> <!-- Test_link_Responce_check -->
  <system-out/>
  <testcase classname="Test_Package.Test_case_BrokenLinks" name="Test_link_Responce_check" time="0.000">
    <skipped/>
  </testcase> <!-- Test_link_Responce_check -->
  <system-out/>
  <testcase classname="Test_Package.Test_case_BrokenLinks" name="Test_link_Responce_check" time="0.000">
    <skipped/>
  </testcase> <!-- Test_link_Responce_check -->
  <system-out/>
  <testcase classname="Test_Package.Test_case_BrokenLinks" name="Test_link_Responce_check" time="0.000">
    <skipped/>
  </testcase> <!-- Test_link_Responce_check -->
  <system-out/>
  <testcase classname="Test_Package.Test_case_BrokenLinks" name="Test_link_Responce_check" time="0.000">
    <skipped/>
  </testcase> <!-- Test_link_Responce_check -->
  <system-out/>
  <testcase classname="Test_Package.Test_case_BrokenLinks" name="Test_link_Responce_check" time="0.000">
    <skipped/>
  </testcase> <!-- Test_link_Responce_check -->
  <system-out/>
  <testcase classname="Test_Package.Test_case_BrokenLinks" name="Test_link_Responce_check" time="0.000">
    <skipped/>
  </testcase> <!-- Test_link_Responce_check -->
  <system-out/>
  <testcase classname="Test_Package.Test_case_BrokenLinks" name="Test_link_Responce_check" time="0.000">
    <skipped/>
  </testcase> <!-- Test_link_Responce_check -->
  <system-out/>
  <testcase classname="Test_Package.Test_case_BrokenLinks" name="Test_link_Responce_check" time="0.000">
    <skipped/>
  </testcase> <!-- Test_link_Responce_check -->
  <system-out/>
  <testcase classname="Test_Package.Test_case_BrokenLinks" name="Test_link_Responce_check" time="0.000">
    <skipped/>
  </testcase> <!-- Test_link_Responce_check -->
  <system-out/>
  <testcase classname="Test_Package.Test_case_BrokenLinks" name="Test_link_Responce_check" time="0.000">
    <skipped/>
  </testcase> <!-- Test_link_Responce_check -->
  <system-out/>
  <testcase classname="Test_Package.Test_case_BrokenLinks" name="Test_link_Responce_check" time="0.000">
    <skipped/>
  </testcase> <!-- Test_link_Responce_check -->
  <system-out/>
  <testcase classname="Test_Package.Test_case_BrokenLinks" name="Test_link_Responce_check" time="0.000">
    <skipped/>
  </testcase> <!-- Test_link_Responce_check -->
  <system-out/>
  <testcase classname="Test_Package.Test_case_BrokenLinks" name="Test_link_Responce_check" time="0.000">
    <skipped/>
  </testcase> <!-- Test_link_Responce_check -->
  <system-out/>
  <testcase classname="Test_Package.Test_case_BrokenLinks" name="Test_link_Responce_check" time="0.000">
    <skipped/>
  </testcase> <!-- Test_link_Responce_check -->
  <system-out/>
  <testcase classname="Test_Package.Test_case_BrokenLinks" name="Test_link_Responce_check" time="0.000">
    <skipped/>
  </testcase> <!-- Test_link_Responce_check -->
  <system-out/>
  <testcase classname="Test_Package.Test_case_BrokenLinks" name="Test_link_Responce_check" time="0.000">
    <skipped/>
  </testcase> <!-- Test_link_Responce_check -->
  <system-out/>
</testsuite> <!-- Test_Package.Test_case_BrokenLinks -->
